<?xml version="1.0" encoding="UTF-8"?>
<!-- Generated by org.testng.reporters.JUnitReportReporter -->
<testsuite skipped="0" hostname="441SN13" name="testcase.login" tests="1" failures="0" timestamp="2021-05-27T21:06:46 IST" time="39.006" errors="0">
  <testcase name="log" time="39.006" classname="testcase.login"/>
  <system-out/>
</testsuite> <!-- testcase.login -->
